[Mon Apr 22 19:26:53 PKT 2024][INFO] ==================== COMPILE TASK ====================
[Mon Apr 22 19:26:56 PKT 2024][INFO] We will now compile your code for x86_64-microsoft-windows. This may take some time.
[Mon Apr 22 19:26:56 PKT 2024][FINE] Extracting native libs to: D:\NetBeansProjects\temporay working\iTextPdf-5-And-ICEpdf-Viewer-Test\build\gluonfx\x86_64-windows\gvm\lib
[Mon Apr 22 19:26:56 PKT 2024][FINE] Looking for resource: /native/windows/launcher.c
[Mon Apr 22 19:26:56 PKT 2024][FINE] PB Command for compile-additional-sources: cl -c -DSUBSTRATE /MD /D_UNICODE /DUNICODE /DWIN32 /D_WINDOWS -ID:\NetBeansProjects\temporay working\iTextPdf-5-And-ICEpdf-Viewer-Test\build\gluonfx\x86_64-windows\gvm\iTextPdf-5-And-ICEpdf-Viewer-Test launcher.c
[Mon Apr 22 19:26:56 PKT 2024][FINE] Start process compile-additional-sources...
[Mon Apr 22 19:26:56 PKT 2024][FINE] [SUB] Microsoft (R) C/C++ Optimizing Compiler Version 19.39.33523 for x64
[Mon Apr 22 19:26:56 PKT 2024][FINE] [SUB] Copyright (C) Microsoft Corporation.  All rights reserved.
[Mon Apr 22 19:26:56 PKT 2024][FINE] [SUB] 
[Mon Apr 22 19:26:56 PKT 2024][FINE] [SUB] launcher.c
[Mon Apr 22 19:26:57 PKT 2024][FINE] Result for compile-additional-sources: 0
[Mon Apr 22 19:26:57 PKT 2024][FINE] Copied resource D:\NetBeansProjects\temporay working\iTextPdf-5-And-ICEpdf-Viewer-Test\build\classes\java\main\com\gluonapplication\GluonApplication$1.class to C:\Users\MSC-30\AppData\Local\Temp\classes15324824266492575240\com\gluonapplication\GluonApplication$1.class
[Mon Apr 22 19:26:57 PKT 2024][FINE] Copied resource D:\NetBeansProjects\temporay working\iTextPdf-5-And-ICEpdf-Viewer-Test\build\classes\java\main\com\gluonapplication\GluonApplication.class to C:\Users\MSC-30\AppData\Local\Temp\classes15324824266492575240\com\gluonapplication\GluonApplication.class
[Mon Apr 22 19:26:57 PKT 2024][FINE] Copied resource D:\NetBeansProjects\temporay working\iTextPdf-5-And-ICEpdf-Viewer-Test\build\classes\java\main\com\gluonapplication\GluonApplicationRunner.class to C:\Users\MSC-30\AppData\Local\Temp\classes15324824266492575240\com\gluonapplication\GluonApplicationRunner.class
[Mon Apr 22 19:26:57 PKT 2024][FINE] Copied resource D:\NetBeansProjects\temporay working\iTextPdf-5-And-ICEpdf-Viewer-Test\build\resources\main\META-INF\native-image\filter-file.json to C:\Users\MSC-30\AppData\Local\Temp\classes15324824266492575240\META-INF\native-image\filter-file.json
[Mon Apr 22 19:26:57 PKT 2024][FINE] Copied resource D:\NetBeansProjects\temporay working\iTextPdf-5-And-ICEpdf-Viewer-Test\build\resources\main\META-INF\native-image\jni-config.json to C:\Users\MSC-30\AppData\Local\Temp\classes15324824266492575240\META-INF\native-image\jni-config.json
[Mon Apr 22 19:26:57 PKT 2024][FINE] Copied resource D:\NetBeansProjects\temporay working\iTextPdf-5-And-ICEpdf-Viewer-Test\build\resources\main\META-INF\native-image\predefined-classes-config.json to C:\Users\MSC-30\AppData\Local\Temp\classes15324824266492575240\META-INF\native-image\predefined-classes-config.json
[Mon Apr 22 19:26:57 PKT 2024][FINE] Copied resource D:\NetBeansProjects\temporay working\iTextPdf-5-And-ICEpdf-Viewer-Test\build\resources\main\META-INF\native-image\proxy-config.json to C:\Users\MSC-30\AppData\Local\Temp\classes15324824266492575240\META-INF\native-image\proxy-config.json
[Mon Apr 22 19:26:57 PKT 2024][FINE] Copied resource D:\NetBeansProjects\temporay working\iTextPdf-5-And-ICEpdf-Viewer-Test\build\resources\main\META-INF\native-image\reflect-config.json to C:\Users\MSC-30\AppData\Local\Temp\classes15324824266492575240\META-INF\native-image\reflect-config.json
[Mon Apr 22 19:26:57 PKT 2024][FINE] Copied resource D:\NetBeansProjects\temporay working\iTextPdf-5-And-ICEpdf-Viewer-Test\build\resources\main\META-INF\native-image\resource-config.json to C:\Users\MSC-30\AppData\Local\Temp\classes15324824266492575240\META-INF\native-image\resource-config.json
[Mon Apr 22 19:26:57 PKT 2024][FINE] Copied resource D:\NetBeansProjects\temporay working\iTextPdf-5-And-ICEpdf-Viewer-Test\build\resources\main\META-INF\native-image\serialization-config.json to C:\Users\MSC-30\AppData\Local\Temp\classes15324824266492575240\META-INF\native-image\serialization-config.json
[Mon Apr 22 19:26:57 PKT 2024][FINE] PB Command for jar: D:\Programs\graalvm-svm-java17-windows-gluon-22.1.0.1-Final\bin\jar.exe cf C:\Users\MSC-30\AppData\Local\Temp\classes15324824266492575240\classes.jar -C C:\Users\MSC-30\AppData\Local\Temp\classes15324824266492575240 .
[Mon Apr 22 19:26:57 PKT 2024][FINE] Start process jar...
[Mon Apr 22 19:26:58 PKT 2024][FINE] Result for jar: 0
[Mon Apr 22 19:26:58 PKT 2024][FINE] Scanning for init build time files
[Mon Apr 22 19:26:58 PKT 2024][FINE] Scanning D:\.my-gradle\caches\modules-2\files-2.1\com.itextpdf\itextpdf\5.5.13.3\5282897d446c3b736d63ef6e83043eb6f1943b4e\itextpdf-5.5.13.3.jar
[Mon Apr 22 19:26:58 PKT 2024][FINE] Scanning D:\.my-gradle\caches\modules-2\files-2.1\com.github.pcorless.icepdf\icepdf-viewer\7.2.0\4a23978e0d1925007a023e95db2d004b14307d82\icepdf-viewer-7.2.0.jar
[Mon Apr 22 19:26:58 PKT 2024][FINE] Scanning D:\.my-gradle\caches\modules-2\files-2.1\com.github.pcorless.icepdf\icepdf-core\7.2.0\808d79981e7924212c8d72be54a1a8afd6f2b6cc\icepdf-core-7.2.0.jar
[Mon Apr 22 19:26:58 PKT 2024][FINE] Scanning D:\.my-gradle\caches\modules-2\files-2.1\com.gluonhq.attach\display\4.0.20\bc0a0a1d3876574c678e1c87b6b9c5b1e8192ad9\display-4.0.20-desktop.jar
[Mon Apr 22 19:26:58 PKT 2024][FINE] Scanning D:\.my-gradle\caches\modules-2\files-2.1\com.gluonhq.attach\lifecycle\4.0.20\2f15f90216130776fee858ccf90f4d051be348fe\lifecycle-4.0.20-desktop.jar
[Mon Apr 22 19:26:58 PKT 2024][FINE] Scanning D:\.my-gradle\caches\modules-2\files-2.1\com.gluonhq.attach\lifecycle\4.0.20\bdd2775e74a86550e68609ed7e19efe8cd4aa608\lifecycle-4.0.20.jar
[Mon Apr 22 19:26:58 PKT 2024][FINE] Scanning D:\.my-gradle\caches\modules-2\files-2.1\com.gluonhq.attach\statusbar\4.0.20\a5949883abd48f50703f418d74f3ad4b55590b35\statusbar-4.0.20.jar
[Mon Apr 22 19:26:58 PKT 2024][FINE] Scanning D:\.my-gradle\caches\modules-2\files-2.1\com.gluonhq.attach\storage\4.0.20\c60af7da5a0e80f29154ea15923cd0cd76d5cbf0\storage-4.0.20-desktop.jar
[Mon Apr 22 19:26:58 PKT 2024][FINE] Scanning D:\.my-gradle\caches\modules-2\files-2.1\com.gluonhq.attach\util\4.0.20\83d6db8c9b2df486d114a49f77cc7fd546bce78a\util-4.0.20.jar
[Mon Apr 22 19:26:58 PKT 2024][FINE] Scanning C:\Users\MSC-30\.gluon\substrate\javafxStaticSdk\21-ea+11.1\windows-x86_64\sdk\lib\javafx.controls.jar
[Mon Apr 22 19:26:58 PKT 2024][FINE] Scanning D:\.my-gradle\caches\modules-2\files-2.1\org.bouncycastle\bcprov-ext-jdk18on\1.76\7a463514e1ba288271dfbf4c32c3b6cf6a625b84\bcprov-ext-jdk18on-1.76.jar
[Mon Apr 22 19:26:58 PKT 2024][FINE] Scanning D:\.my-gradle\caches\modules-2\files-2.1\org.bouncycastle\bcpkix-jdk18on\1.76\10c9cf5c1b4d64abeda28ee32fbade3b74373622\bcpkix-jdk18on-1.76.jar
[Mon Apr 22 19:26:58 PKT 2024][FINE] Scanning D:\.my-gradle\caches\modules-2\files-2.1\com.twelvemonkeys.imageio\imageio-tiff\3.9.4\443a89cc532c4fa11be6df1afc27f5bcd81d935c\imageio-tiff-3.9.4.jar
[Mon Apr 22 19:26:58 PKT 2024][FINE] Scanning D:\.my-gradle\caches\modules-2\files-2.1\org.apache.pdfbox\fontbox\2.0.27\d08c064d18b2b149da937d15c0d1708cba03f29d\fontbox-2.0.27.jar
[Mon Apr 22 19:26:58 PKT 2024][FINE] Scanning D:\.my-gradle\caches\modules-2\files-2.1\commons-logging\commons-logging\1.2\4bfc12adfe4842bf07b657f0369c4cb522955686\commons-logging-1.2.jar
[Mon Apr 22 19:26:58 PKT 2024][FINE] Scanning D:\.my-gradle\caches\modules-2\files-2.1\org.apache.pdfbox\jbig2-imageio\3.0.4\ad09a9bb94ea791ea81fb6c5bc2b13dd77872598\jbig2-imageio-3.0.4.jar
[Mon Apr 22 19:26:58 PKT 2024][FINE] Scanning C:\Users\MSC-30\.gluon\substrate\javafxStaticSdk\21-ea+11.1\windows-x86_64\sdk\lib\javafx.graphics.jar
[Mon Apr 22 19:26:58 PKT 2024][FINE] Scanning D:\.my-gradle\caches\modules-2\files-2.1\org.bouncycastle\bcutil-jdk18on\1.76\8c7594e651a278bcde18e038d8ab55b1f97f4d31\bcutil-jdk18on-1.76.jar
[Mon Apr 22 19:26:58 PKT 2024][FINE] Scanning D:\.my-gradle\caches\modules-2\files-2.1\org.bouncycastle\bcprov-jdk18on\1.76\3a785d0b41806865ad7e311162bfa3fa60b3965b\bcprov-jdk18on-1.76.jar
[Mon Apr 22 19:26:58 PKT 2024][FINE] Scanning D:\.my-gradle\caches\modules-2\files-2.1\com.twelvemonkeys.imageio\imageio-metadata\3.9.4\423ab3a09a87ab0b1e6831269db74832ee4184ac\imageio-metadata-3.9.4.jar
[Mon Apr 22 19:26:58 PKT 2024][FINE] Scanning D:\.my-gradle\caches\modules-2\files-2.1\com.twelvemonkeys.imageio\imageio-core\3.9.4\e33aabf2d21a2f66817a258abfcd9f5b1e898117\imageio-core-3.9.4.jar
[Mon Apr 22 19:26:58 PKT 2024][FINE] Scanning D:\.my-gradle\caches\modules-2\files-2.1\com.twelvemonkeys.common\common-image\3.9.4\8fc121f4f652cb8ef626ad4dade85b64948df36c\common-image-3.9.4.jar
[Mon Apr 22 19:26:58 PKT 2024][FINE] Scanning D:\.my-gradle\caches\modules-2\files-2.1\com.twelvemonkeys.common\common-io\3.9.4\5a0bbb2f431196990780a4912f0ac46009c82f0e\common-io-3.9.4.jar
[Mon Apr 22 19:26:58 PKT 2024][FINE] Scanning D:\.my-gradle\caches\modules-2\files-2.1\com.twelvemonkeys.common\common-lang\3.9.4\c68d7dd18962dda58615d3b5d929a68c8f8a1092\common-lang-3.9.4.jar
[Mon Apr 22 19:26:58 PKT 2024][FINE] Scanning C:\Users\MSC-30\.gluon\substrate\javafxStaticSdk\21-ea+11.1\windows-x86_64\sdk\lib\javafx.base.jar
[Mon Apr 22 19:26:58 PKT 2024][FINE] Scanning C:\Users\MSC-30\AppData\Local\Temp\classes15324824266492575240\classes.jar
[Mon Apr 22 19:26:58 PKT 2024][FINE] Scanning for reflection files
[Mon Apr 22 19:26:58 PKT 2024][FINE] Scanning D:\.my-gradle\caches\modules-2\files-2.1\com.itextpdf\itextpdf\5.5.13.3\5282897d446c3b736d63ef6e83043eb6f1943b4e\itextpdf-5.5.13.3.jar
[Mon Apr 22 19:26:58 PKT 2024][FINE] Scanning D:\.my-gradle\caches\modules-2\files-2.1\com.github.pcorless.icepdf\icepdf-viewer\7.2.0\4a23978e0d1925007a023e95db2d004b14307d82\icepdf-viewer-7.2.0.jar
[Mon Apr 22 19:26:58 PKT 2024][FINE] Scanning D:\.my-gradle\caches\modules-2\files-2.1\com.github.pcorless.icepdf\icepdf-core\7.2.0\808d79981e7924212c8d72be54a1a8afd6f2b6cc\icepdf-core-7.2.0.jar
[Mon Apr 22 19:26:58 PKT 2024][FINE] Scanning D:\.my-gradle\caches\modules-2\files-2.1\com.gluonhq.attach\display\4.0.20\bc0a0a1d3876574c678e1c87b6b9c5b1e8192ad9\display-4.0.20-desktop.jar
[Mon Apr 22 19:26:58 PKT 2024][FINE] Adding classes from D:\.my-gradle\caches\modules-2\files-2.1\com.gluonhq.attach\display\4.0.20\bc0a0a1d3876574c678e1c87b6b9c5b1e8192ad9\display-4.0.20-desktop.jar::META-INF/substrate/config/reflectionconfig-x86_64-windows.json
[Mon Apr 22 19:26:58 PKT 2024][FINE] Scanning D:\.my-gradle\caches\modules-2\files-2.1\com.gluonhq.attach\lifecycle\4.0.20\2f15f90216130776fee858ccf90f4d051be348fe\lifecycle-4.0.20-desktop.jar
[Mon Apr 22 19:26:58 PKT 2024][FINE] Adding classes from D:\.my-gradle\caches\modules-2\files-2.1\com.gluonhq.attach\lifecycle\4.0.20\2f15f90216130776fee858ccf90f4d051be348fe\lifecycle-4.0.20-desktop.jar::META-INF/substrate/config/reflectionconfig-x86_64-windows.json
[Mon Apr 22 19:26:58 PKT 2024][FINE] Scanning D:\.my-gradle\caches\modules-2\files-2.1\com.gluonhq.attach\lifecycle\4.0.20\bdd2775e74a86550e68609ed7e19efe8cd4aa608\lifecycle-4.0.20.jar
[Mon Apr 22 19:26:58 PKT 2024][FINE] Scanning D:\.my-gradle\caches\modules-2\files-2.1\com.gluonhq.attach\statusbar\4.0.20\a5949883abd48f50703f418d74f3ad4b55590b35\statusbar-4.0.20.jar
[Mon Apr 22 19:26:58 PKT 2024][FINE] Scanning D:\.my-gradle\caches\modules-2\files-2.1\com.gluonhq.attach\storage\4.0.20\c60af7da5a0e80f29154ea15923cd0cd76d5cbf0\storage-4.0.20-desktop.jar
[Mon Apr 22 19:26:58 PKT 2024][FINE] Adding classes from D:\.my-gradle\caches\modules-2\files-2.1\com.gluonhq.attach\storage\4.0.20\c60af7da5a0e80f29154ea15923cd0cd76d5cbf0\storage-4.0.20-desktop.jar::META-INF/substrate/config/reflectionconfig-x86_64-windows.json
[Mon Apr 22 19:26:58 PKT 2024][FINE] Scanning D:\.my-gradle\caches\modules-2\files-2.1\com.gluonhq.attach\util\4.0.20\83d6db8c9b2df486d114a49f77cc7fd546bce78a\util-4.0.20.jar
[Mon Apr 22 19:26:58 PKT 2024][FINE] Scanning C:\Users\MSC-30\.gluon\substrate\javafxStaticSdk\21-ea+11.1\windows-x86_64\sdk\lib\javafx.controls.jar
[Mon Apr 22 19:26:58 PKT 2024][FINE] Adding classes from C:\Users\MSC-30\.gluon\substrate\javafxStaticSdk\21-ea+11.1\windows-x86_64\sdk\lib\javafx.controls.jar::META-INF/substrate/config/reflectionconfig.json
[Mon Apr 22 19:26:58 PKT 2024][FINE] Scanning D:\.my-gradle\caches\modules-2\files-2.1\org.bouncycastle\bcprov-ext-jdk18on\1.76\7a463514e1ba288271dfbf4c32c3b6cf6a625b84\bcprov-ext-jdk18on-1.76.jar
[Mon Apr 22 19:26:58 PKT 2024][FINE] Scanning D:\.my-gradle\caches\modules-2\files-2.1\org.bouncycastle\bcpkix-jdk18on\1.76\10c9cf5c1b4d64abeda28ee32fbade3b74373622\bcpkix-jdk18on-1.76.jar
[Mon Apr 22 19:26:58 PKT 2024][FINE] Scanning D:\.my-gradle\caches\modules-2\files-2.1\com.twelvemonkeys.imageio\imageio-tiff\3.9.4\443a89cc532c4fa11be6df1afc27f5bcd81d935c\imageio-tiff-3.9.4.jar
[Mon Apr 22 19:26:58 PKT 2024][FINE] Scanning D:\.my-gradle\caches\modules-2\files-2.1\org.apache.pdfbox\fontbox\2.0.27\d08c064d18b2b149da937d15c0d1708cba03f29d\fontbox-2.0.27.jar
[Mon Apr 22 19:26:58 PKT 2024][FINE] Scanning D:\.my-gradle\caches\modules-2\files-2.1\commons-logging\commons-logging\1.2\4bfc12adfe4842bf07b657f0369c4cb522955686\commons-logging-1.2.jar
[Mon Apr 22 19:26:58 PKT 2024][FINE] Scanning D:\.my-gradle\caches\modules-2\files-2.1\org.apache.pdfbox\jbig2-imageio\3.0.4\ad09a9bb94ea791ea81fb6c5bc2b13dd77872598\jbig2-imageio-3.0.4.jar
[Mon Apr 22 19:26:58 PKT 2024][FINE] Scanning C:\Users\MSC-30\.gluon\substrate\javafxStaticSdk\21-ea+11.1\windows-x86_64\sdk\lib\javafx.graphics.jar
[Mon Apr 22 19:26:58 PKT 2024][FINE] Adding classes from C:\Users\MSC-30\.gluon\substrate\javafxStaticSdk\21-ea+11.1\windows-x86_64\sdk\lib\javafx.graphics.jar::META-INF/substrate/config/reflectionconfig-x86_64-windows.json
[Mon Apr 22 19:26:58 PKT 2024][FINE] Adding classes from C:\Users\MSC-30\.gluon\substrate\javafxStaticSdk\21-ea+11.1\windows-x86_64\sdk\lib\javafx.graphics.jar::META-INF/substrate/config/reflectionconfig.json
[Mon Apr 22 19:26:58 PKT 2024][FINE] Scanning D:\.my-gradle\caches\modules-2\files-2.1\org.bouncycastle\bcutil-jdk18on\1.76\8c7594e651a278bcde18e038d8ab55b1f97f4d31\bcutil-jdk18on-1.76.jar
[Mon Apr 22 19:26:58 PKT 2024][FINE] Scanning D:\.my-gradle\caches\modules-2\files-2.1\org.bouncycastle\bcprov-jdk18on\1.76\3a785d0b41806865ad7e311162bfa3fa60b3965b\bcprov-jdk18on-1.76.jar
[Mon Apr 22 19:26:58 PKT 2024][FINE] Scanning D:\.my-gradle\caches\modules-2\files-2.1\com.twelvemonkeys.imageio\imageio-metadata\3.9.4\423ab3a09a87ab0b1e6831269db74832ee4184ac\imageio-metadata-3.9.4.jar
[Mon Apr 22 19:26:58 PKT 2024][FINE] Scanning D:\.my-gradle\caches\modules-2\files-2.1\com.twelvemonkeys.imageio\imageio-core\3.9.4\e33aabf2d21a2f66817a258abfcd9f5b1e898117\imageio-core-3.9.4.jar
[Mon Apr 22 19:26:58 PKT 2024][FINE] Scanning D:\.my-gradle\caches\modules-2\files-2.1\com.twelvemonkeys.common\common-image\3.9.4\8fc121f4f652cb8ef626ad4dade85b64948df36c\common-image-3.9.4.jar
[Mon Apr 22 19:26:58 PKT 2024][FINE] Scanning D:\.my-gradle\caches\modules-2\files-2.1\com.twelvemonkeys.common\common-io\3.9.4\5a0bbb2f431196990780a4912f0ac46009c82f0e\common-io-3.9.4.jar
[Mon Apr 22 19:26:58 PKT 2024][FINE] Scanning D:\.my-gradle\caches\modules-2\files-2.1\com.twelvemonkeys.common\common-lang\3.9.4\c68d7dd18962dda58615d3b5d929a68c8f8a1092\common-lang-3.9.4.jar
[Mon Apr 22 19:26:58 PKT 2024][FINE] Scanning C:\Users\MSC-30\.gluon\substrate\javafxStaticSdk\21-ea+11.1\windows-x86_64\sdk\lib\javafx.base.jar
[Mon Apr 22 19:26:58 PKT 2024][FINE] Adding classes from C:\Users\MSC-30\.gluon\substrate\javafxStaticSdk\21-ea+11.1\windows-x86_64\sdk\lib\javafx.base.jar::META-INF/substrate/config/reflectionconfig.json
[Mon Apr 22 19:26:58 PKT 2024][FINE] Scanning C:\Users\MSC-30\AppData\Local\Temp\classes15324824266492575240\classes.jar
[Mon Apr 22 19:26:58 PKT 2024][FINE] Scanning for JNI files
[Mon Apr 22 19:26:58 PKT 2024][FINE] Scanning D:\.my-gradle\caches\modules-2\files-2.1\com.itextpdf\itextpdf\5.5.13.3\5282897d446c3b736d63ef6e83043eb6f1943b4e\itextpdf-5.5.13.3.jar
[Mon Apr 22 19:26:58 PKT 2024][FINE] Scanning D:\.my-gradle\caches\modules-2\files-2.1\com.github.pcorless.icepdf\icepdf-viewer\7.2.0\4a23978e0d1925007a023e95db2d004b14307d82\icepdf-viewer-7.2.0.jar
[Mon Apr 22 19:26:58 PKT 2024][FINE] Scanning D:\.my-gradle\caches\modules-2\files-2.1\com.github.pcorless.icepdf\icepdf-core\7.2.0\808d79981e7924212c8d72be54a1a8afd6f2b6cc\icepdf-core-7.2.0.jar
[Mon Apr 22 19:26:58 PKT 2024][FINE] Scanning D:\.my-gradle\caches\modules-2\files-2.1\com.gluonhq.attach\display\4.0.20\bc0a0a1d3876574c678e1c87b6b9c5b1e8192ad9\display-4.0.20-desktop.jar
[Mon Apr 22 19:26:58 PKT 2024][FINE] Scanning D:\.my-gradle\caches\modules-2\files-2.1\com.gluonhq.attach\lifecycle\4.0.20\2f15f90216130776fee858ccf90f4d051be348fe\lifecycle-4.0.20-desktop.jar
[Mon Apr 22 19:26:58 PKT 2024][FINE] Scanning D:\.my-gradle\caches\modules-2\files-2.1\com.gluonhq.attach\lifecycle\4.0.20\bdd2775e74a86550e68609ed7e19efe8cd4aa608\lifecycle-4.0.20.jar
[Mon Apr 22 19:26:58 PKT 2024][FINE] Scanning D:\.my-gradle\caches\modules-2\files-2.1\com.gluonhq.attach\statusbar\4.0.20\a5949883abd48f50703f418d74f3ad4b55590b35\statusbar-4.0.20.jar
[Mon Apr 22 19:26:58 PKT 2024][FINE] Scanning D:\.my-gradle\caches\modules-2\files-2.1\com.gluonhq.attach\storage\4.0.20\c60af7da5a0e80f29154ea15923cd0cd76d5cbf0\storage-4.0.20-desktop.jar
[Mon Apr 22 19:26:58 PKT 2024][FINE] Scanning D:\.my-gradle\caches\modules-2\files-2.1\com.gluonhq.attach\util\4.0.20\83d6db8c9b2df486d114a49f77cc7fd546bce78a\util-4.0.20.jar
[Mon Apr 22 19:26:58 PKT 2024][FINE] Scanning C:\Users\MSC-30\.gluon\substrate\javafxStaticSdk\21-ea+11.1\windows-x86_64\sdk\lib\javafx.controls.jar
[Mon Apr 22 19:26:58 PKT 2024][FINE] Scanning D:\.my-gradle\caches\modules-2\files-2.1\org.bouncycastle\bcprov-ext-jdk18on\1.76\7a463514e1ba288271dfbf4c32c3b6cf6a625b84\bcprov-ext-jdk18on-1.76.jar
[Mon Apr 22 19:26:58 PKT 2024][FINE] Scanning D:\.my-gradle\caches\modules-2\files-2.1\org.bouncycastle\bcpkix-jdk18on\1.76\10c9cf5c1b4d64abeda28ee32fbade3b74373622\bcpkix-jdk18on-1.76.jar
[Mon Apr 22 19:26:58 PKT 2024][FINE] Scanning D:\.my-gradle\caches\modules-2\files-2.1\com.twelvemonkeys.imageio\imageio-tiff\3.9.4\443a89cc532c4fa11be6df1afc27f5bcd81d935c\imageio-tiff-3.9.4.jar
[Mon Apr 22 19:26:58 PKT 2024][FINE] Scanning D:\.my-gradle\caches\modules-2\files-2.1\org.apache.pdfbox\fontbox\2.0.27\d08c064d18b2b149da937d15c0d1708cba03f29d\fontbox-2.0.27.jar
[Mon Apr 22 19:26:58 PKT 2024][FINE] Scanning D:\.my-gradle\caches\modules-2\files-2.1\commons-logging\commons-logging\1.2\4bfc12adfe4842bf07b657f0369c4cb522955686\commons-logging-1.2.jar
[Mon Apr 22 19:26:58 PKT 2024][FINE] Scanning D:\.my-gradle\caches\modules-2\files-2.1\org.apache.pdfbox\jbig2-imageio\3.0.4\ad09a9bb94ea791ea81fb6c5bc2b13dd77872598\jbig2-imageio-3.0.4.jar
[Mon Apr 22 19:26:58 PKT 2024][FINE] Scanning C:\Users\MSC-30\.gluon\substrate\javafxStaticSdk\21-ea+11.1\windows-x86_64\sdk\lib\javafx.graphics.jar
[Mon Apr 22 19:26:58 PKT 2024][FINE] Adding classes from C:\Users\MSC-30\.gluon\substrate\javafxStaticSdk\21-ea+11.1\windows-x86_64\sdk\lib\javafx.graphics.jar::META-INF/substrate/config/jniconfig-x86_64-windows.json
[Mon Apr 22 19:26:58 PKT 2024][FINE] Adding classes from C:\Users\MSC-30\.gluon\substrate\javafxStaticSdk\21-ea+11.1\windows-x86_64\sdk\lib\javafx.graphics.jar::META-INF/substrate/config/jniconfig.json
[Mon Apr 22 19:26:58 PKT 2024][FINE] Scanning D:\.my-gradle\caches\modules-2\files-2.1\org.bouncycastle\bcutil-jdk18on\1.76\8c7594e651a278bcde18e038d8ab55b1f97f4d31\bcutil-jdk18on-1.76.jar
[Mon Apr 22 19:26:58 PKT 2024][FINE] Scanning D:\.my-gradle\caches\modules-2\files-2.1\org.bouncycastle\bcprov-jdk18on\1.76\3a785d0b41806865ad7e311162bfa3fa60b3965b\bcprov-jdk18on-1.76.jar
[Mon Apr 22 19:26:58 PKT 2024][FINE] Scanning D:\.my-gradle\caches\modules-2\files-2.1\com.twelvemonkeys.imageio\imageio-metadata\3.9.4\423ab3a09a87ab0b1e6831269db74832ee4184ac\imageio-metadata-3.9.4.jar
[Mon Apr 22 19:26:58 PKT 2024][FINE] Scanning D:\.my-gradle\caches\modules-2\files-2.1\com.twelvemonkeys.imageio\imageio-core\3.9.4\e33aabf2d21a2f66817a258abfcd9f5b1e898117\imageio-core-3.9.4.jar
[Mon Apr 22 19:26:58 PKT 2024][FINE] Scanning D:\.my-gradle\caches\modules-2\files-2.1\com.twelvemonkeys.common\common-image\3.9.4\8fc121f4f652cb8ef626ad4dade85b64948df36c\common-image-3.9.4.jar
[Mon Apr 22 19:26:58 PKT 2024][FINE] Scanning D:\.my-gradle\caches\modules-2\files-2.1\com.twelvemonkeys.common\common-io\3.9.4\5a0bbb2f431196990780a4912f0ac46009c82f0e\common-io-3.9.4.jar
[Mon Apr 22 19:26:58 PKT 2024][FINE] Scanning D:\.my-gradle\caches\modules-2\files-2.1\com.twelvemonkeys.common\common-lang\3.9.4\c68d7dd18962dda58615d3b5d929a68c8f8a1092\common-lang-3.9.4.jar
[Mon Apr 22 19:26:58 PKT 2024][FINE] Scanning C:\Users\MSC-30\.gluon\substrate\javafxStaticSdk\21-ea+11.1\windows-x86_64\sdk\lib\javafx.base.jar
[Mon Apr 22 19:26:58 PKT 2024][FINE] Scanning C:\Users\MSC-30\AppData\Local\Temp\classes15324824266492575240\classes.jar
[Mon Apr 22 19:26:58 PKT 2024][FINE] Scanning for resource files
[Mon Apr 22 19:26:58 PKT 2024][FINE] Scanning D:\.my-gradle\caches\modules-2\files-2.1\com.itextpdf\itextpdf\5.5.13.3\5282897d446c3b736d63ef6e83043eb6f1943b4e\itextpdf-5.5.13.3.jar
[Mon Apr 22 19:26:58 PKT 2024][FINE] Scanning D:\.my-gradle\caches\modules-2\files-2.1\com.github.pcorless.icepdf\icepdf-viewer\7.2.0\4a23978e0d1925007a023e95db2d004b14307d82\icepdf-viewer-7.2.0.jar
[Mon Apr 22 19:26:58 PKT 2024][FINE] Scanning D:\.my-gradle\caches\modules-2\files-2.1\com.github.pcorless.icepdf\icepdf-core\7.2.0\808d79981e7924212c8d72be54a1a8afd6f2b6cc\icepdf-core-7.2.0.jar
[Mon Apr 22 19:26:58 PKT 2024][FINE] Scanning D:\.my-gradle\caches\modules-2\files-2.1\com.gluonhq.attach\display\4.0.20\bc0a0a1d3876574c678e1c87b6b9c5b1e8192ad9\display-4.0.20-desktop.jar
[Mon Apr 22 19:26:58 PKT 2024][FINE] Scanning D:\.my-gradle\caches\modules-2\files-2.1\com.gluonhq.attach\lifecycle\4.0.20\2f15f90216130776fee858ccf90f4d051be348fe\lifecycle-4.0.20-desktop.jar
[Mon Apr 22 19:26:58 PKT 2024][FINE] Scanning D:\.my-gradle\caches\modules-2\files-2.1\com.gluonhq.attach\lifecycle\4.0.20\bdd2775e74a86550e68609ed7e19efe8cd4aa608\lifecycle-4.0.20.jar
[Mon Apr 22 19:26:58 PKT 2024][FINE] Scanning D:\.my-gradle\caches\modules-2\files-2.1\com.gluonhq.attach\statusbar\4.0.20\a5949883abd48f50703f418d74f3ad4b55590b35\statusbar-4.0.20.jar
[Mon Apr 22 19:26:58 PKT 2024][FINE] Scanning D:\.my-gradle\caches\modules-2\files-2.1\com.gluonhq.attach\storage\4.0.20\c60af7da5a0e80f29154ea15923cd0cd76d5cbf0\storage-4.0.20-desktop.jar
[Mon Apr 22 19:26:58 PKT 2024][FINE] Scanning D:\.my-gradle\caches\modules-2\files-2.1\com.gluonhq.attach\util\4.0.20\83d6db8c9b2df486d114a49f77cc7fd546bce78a\util-4.0.20.jar
[Mon Apr 22 19:26:58 PKT 2024][FINE] Scanning C:\Users\MSC-30\.gluon\substrate\javafxStaticSdk\21-ea+11.1\windows-x86_64\sdk\lib\javafx.controls.jar
[Mon Apr 22 19:26:58 PKT 2024][FINE] Scanning D:\.my-gradle\caches\modules-2\files-2.1\org.bouncycastle\bcprov-ext-jdk18on\1.76\7a463514e1ba288271dfbf4c32c3b6cf6a625b84\bcprov-ext-jdk18on-1.76.jar
[Mon Apr 22 19:26:58 PKT 2024][FINE] Scanning D:\.my-gradle\caches\modules-2\files-2.1\org.bouncycastle\bcpkix-jdk18on\1.76\10c9cf5c1b4d64abeda28ee32fbade3b74373622\bcpkix-jdk18on-1.76.jar
[Mon Apr 22 19:26:58 PKT 2024][FINE] Scanning D:\.my-gradle\caches\modules-2\files-2.1\com.twelvemonkeys.imageio\imageio-tiff\3.9.4\443a89cc532c4fa11be6df1afc27f5bcd81d935c\imageio-tiff-3.9.4.jar
[Mon Apr 22 19:26:58 PKT 2024][FINE] Scanning D:\.my-gradle\caches\modules-2\files-2.1\org.apache.pdfbox\fontbox\2.0.27\d08c064d18b2b149da937d15c0d1708cba03f29d\fontbox-2.0.27.jar
[Mon Apr 22 19:26:58 PKT 2024][FINE] Scanning D:\.my-gradle\caches\modules-2\files-2.1\commons-logging\commons-logging\1.2\4bfc12adfe4842bf07b657f0369c4cb522955686\commons-logging-1.2.jar
[Mon Apr 22 19:26:58 PKT 2024][FINE] Scanning D:\.my-gradle\caches\modules-2\files-2.1\org.apache.pdfbox\jbig2-imageio\3.0.4\ad09a9bb94ea791ea81fb6c5bc2b13dd77872598\jbig2-imageio-3.0.4.jar
[Mon Apr 22 19:26:58 PKT 2024][FINE] Scanning C:\Users\MSC-30\.gluon\substrate\javafxStaticSdk\21-ea+11.1\windows-x86_64\sdk\lib\javafx.graphics.jar
[Mon Apr 22 19:26:58 PKT 2024][FINE] Scanning D:\.my-gradle\caches\modules-2\files-2.1\org.bouncycastle\bcutil-jdk18on\1.76\8c7594e651a278bcde18e038d8ab55b1f97f4d31\bcutil-jdk18on-1.76.jar
[Mon Apr 22 19:26:58 PKT 2024][FINE] Scanning D:\.my-gradle\caches\modules-2\files-2.1\org.bouncycastle\bcprov-jdk18on\1.76\3a785d0b41806865ad7e311162bfa3fa60b3965b\bcprov-jdk18on-1.76.jar
[Mon Apr 22 19:26:58 PKT 2024][FINE] Scanning D:\.my-gradle\caches\modules-2\files-2.1\com.twelvemonkeys.imageio\imageio-metadata\3.9.4\423ab3a09a87ab0b1e6831269db74832ee4184ac\imageio-metadata-3.9.4.jar
[Mon Apr 22 19:26:58 PKT 2024][FINE] Scanning D:\.my-gradle\caches\modules-2\files-2.1\com.twelvemonkeys.imageio\imageio-core\3.9.4\e33aabf2d21a2f66817a258abfcd9f5b1e898117\imageio-core-3.9.4.jar
[Mon Apr 22 19:26:58 PKT 2024][FINE] Scanning D:\.my-gradle\caches\modules-2\files-2.1\com.twelvemonkeys.common\common-image\3.9.4\8fc121f4f652cb8ef626ad4dade85b64948df36c\common-image-3.9.4.jar
[Mon Apr 22 19:26:58 PKT 2024][FINE] Scanning D:\.my-gradle\caches\modules-2\files-2.1\com.twelvemonkeys.common\common-io\3.9.4\5a0bbb2f431196990780a4912f0ac46009c82f0e\common-io-3.9.4.jar
[Mon Apr 22 19:26:58 PKT 2024][FINE] Scanning D:\.my-gradle\caches\modules-2\files-2.1\com.twelvemonkeys.common\common-lang\3.9.4\c68d7dd18962dda58615d3b5d929a68c8f8a1092\common-lang-3.9.4.jar
[Mon Apr 22 19:26:58 PKT 2024][FINE] Scanning C:\Users\MSC-30\.gluon\substrate\javafxStaticSdk\21-ea+11.1\windows-x86_64\sdk\lib\javafx.base.jar
[Mon Apr 22 19:26:58 PKT 2024][FINE] Scanning C:\Users\MSC-30\AppData\Local\Temp\classes15324824266492575240\classes.jar
[Mon Apr 22 19:26:58 PKT 2024][FINE] Copied resource D:\NetBeansProjects\temporay working\iTextPdf-5-And-ICEpdf-Viewer-Test\build\classes\java\main\com\gluonapplication\GluonApplication$1.class to C:\Users\MSC-30\AppData\Local\Temp\classes3819158393921247969\com\gluonapplication\GluonApplication$1.class
[Mon Apr 22 19:26:58 PKT 2024][FINE] Copied resource D:\NetBeansProjects\temporay working\iTextPdf-5-And-ICEpdf-Viewer-Test\build\classes\java\main\com\gluonapplication\GluonApplication.class to C:\Users\MSC-30\AppData\Local\Temp\classes3819158393921247969\com\gluonapplication\GluonApplication.class
[Mon Apr 22 19:26:58 PKT 2024][FINE] Copied resource D:\NetBeansProjects\temporay working\iTextPdf-5-And-ICEpdf-Viewer-Test\build\classes\java\main\com\gluonapplication\GluonApplicationRunner.class to C:\Users\MSC-30\AppData\Local\Temp\classes3819158393921247969\com\gluonapplication\GluonApplicationRunner.class
[Mon Apr 22 19:26:58 PKT 2024][FINE] Copied resource D:\NetBeansProjects\temporay working\iTextPdf-5-And-ICEpdf-Viewer-Test\build\resources\main\META-INF\native-image\filter-file.json to C:\Users\MSC-30\AppData\Local\Temp\classes3819158393921247969\META-INF\native-image\filter-file.json
[Mon Apr 22 19:26:58 PKT 2024][FINE] Copied resource D:\NetBeansProjects\temporay working\iTextPdf-5-And-ICEpdf-Viewer-Test\build\resources\main\META-INF\native-image\jni-config.json to C:\Users\MSC-30\AppData\Local\Temp\classes3819158393921247969\META-INF\native-image\jni-config.json
[Mon Apr 22 19:26:58 PKT 2024][FINE] Copied resource D:\NetBeansProjects\temporay working\iTextPdf-5-And-ICEpdf-Viewer-Test\build\resources\main\META-INF\native-image\predefined-classes-config.json to C:\Users\MSC-30\AppData\Local\Temp\classes3819158393921247969\META-INF\native-image\predefined-classes-config.json
[Mon Apr 22 19:26:58 PKT 2024][FINE] Copied resource D:\NetBeansProjects\temporay working\iTextPdf-5-And-ICEpdf-Viewer-Test\build\resources\main\META-INF\native-image\proxy-config.json to C:\Users\MSC-30\AppData\Local\Temp\classes3819158393921247969\META-INF\native-image\proxy-config.json
[Mon Apr 22 19:26:58 PKT 2024][FINE] Copied resource D:\NetBeansProjects\temporay working\iTextPdf-5-And-ICEpdf-Viewer-Test\build\resources\main\META-INF\native-image\reflect-config.json to C:\Users\MSC-30\AppData\Local\Temp\classes3819158393921247969\META-INF\native-image\reflect-config.json
[Mon Apr 22 19:26:58 PKT 2024][FINE] Copied resource D:\NetBeansProjects\temporay working\iTextPdf-5-And-ICEpdf-Viewer-Test\build\resources\main\META-INF\native-image\resource-config.json to C:\Users\MSC-30\AppData\Local\Temp\classes3819158393921247969\META-INF\native-image\resource-config.json
[Mon Apr 22 19:26:58 PKT 2024][FINE] Copied resource D:\NetBeansProjects\temporay working\iTextPdf-5-And-ICEpdf-Viewer-Test\build\resources\main\META-INF\native-image\serialization-config.json to C:\Users\MSC-30\AppData\Local\Temp\classes3819158393921247969\META-INF\native-image\serialization-config.json
[Mon Apr 22 19:26:58 PKT 2024][FINE] PB Command for jar: D:\Programs\graalvm-svm-java17-windows-gluon-22.1.0.1-Final\bin\jar.exe cf C:\Users\MSC-30\AppData\Local\Temp\classes3819158393921247969\classes.jar -C C:\Users\MSC-30\AppData\Local\Temp\classes3819158393921247969 .
[Mon Apr 22 19:26:58 PKT 2024][FINE] Start process jar...
[Mon Apr 22 19:26:59 PKT 2024][FINE] Result for jar: 0
[Mon Apr 22 19:26:59 PKT 2024][FINE] Scanning for resource bundles
[Mon Apr 22 19:26:59 PKT 2024][FINE] Scanning D:\.my-gradle\caches\modules-2\files-2.1\com.itextpdf\itextpdf\5.5.13.3\5282897d446c3b736d63ef6e83043eb6f1943b4e\itextpdf-5.5.13.3.jar
[Mon Apr 22 19:26:59 PKT 2024][FINE] Scanning D:\.my-gradle\caches\modules-2\files-2.1\com.github.pcorless.icepdf\icepdf-viewer\7.2.0\4a23978e0d1925007a023e95db2d004b14307d82\icepdf-viewer-7.2.0.jar
[Mon Apr 22 19:26:59 PKT 2024][FINE] Scanning D:\.my-gradle\caches\modules-2\files-2.1\com.github.pcorless.icepdf\icepdf-core\7.2.0\808d79981e7924212c8d72be54a1a8afd6f2b6cc\icepdf-core-7.2.0.jar
[Mon Apr 22 19:26:59 PKT 2024][FINE] Scanning D:\.my-gradle\caches\modules-2\files-2.1\com.gluonhq.attach\display\4.0.20\bc0a0a1d3876574c678e1c87b6b9c5b1e8192ad9\display-4.0.20-desktop.jar
[Mon Apr 22 19:26:59 PKT 2024][FINE] Scanning D:\.my-gradle\caches\modules-2\files-2.1\com.gluonhq.attach\lifecycle\4.0.20\2f15f90216130776fee858ccf90f4d051be348fe\lifecycle-4.0.20-desktop.jar
[Mon Apr 22 19:26:59 PKT 2024][FINE] Scanning D:\.my-gradle\caches\modules-2\files-2.1\com.gluonhq.attach\lifecycle\4.0.20\bdd2775e74a86550e68609ed7e19efe8cd4aa608\lifecycle-4.0.20.jar
[Mon Apr 22 19:26:59 PKT 2024][FINE] Scanning D:\.my-gradle\caches\modules-2\files-2.1\com.gluonhq.attach\statusbar\4.0.20\a5949883abd48f50703f418d74f3ad4b55590b35\statusbar-4.0.20.jar
[Mon Apr 22 19:26:59 PKT 2024][FINE] Scanning D:\.my-gradle\caches\modules-2\files-2.1\com.gluonhq.attach\storage\4.0.20\c60af7da5a0e80f29154ea15923cd0cd76d5cbf0\storage-4.0.20-desktop.jar
[Mon Apr 22 19:26:59 PKT 2024][FINE] Scanning D:\.my-gradle\caches\modules-2\files-2.1\com.gluonhq.attach\util\4.0.20\83d6db8c9b2df486d114a49f77cc7fd546bce78a\util-4.0.20.jar
[Mon Apr 22 19:26:59 PKT 2024][FINE] Scanning C:\Users\MSC-30\.gluon\substrate\javafxStaticSdk\21-ea+11.1\windows-x86_64\sdk\lib\javafx.controls.jar
[Mon Apr 22 19:26:59 PKT 2024][FINE] Adding classes from C:\Users\MSC-30\.gluon\substrate\javafxStaticSdk\21-ea+11.1\windows-x86_64\sdk\lib\javafx.controls.jar::META-INF/substrate/config/resourcebundles
[Mon Apr 22 19:26:59 PKT 2024][FINE] Scanning D:\.my-gradle\caches\modules-2\files-2.1\org.bouncycastle\bcprov-ext-jdk18on\1.76\7a463514e1ba288271dfbf4c32c3b6cf6a625b84\bcprov-ext-jdk18on-1.76.jar
[Mon Apr 22 19:26:59 PKT 2024][FINE] Scanning D:\.my-gradle\caches\modules-2\files-2.1\org.bouncycastle\bcpkix-jdk18on\1.76\10c9cf5c1b4d64abeda28ee32fbade3b74373622\bcpkix-jdk18on-1.76.jar
[Mon Apr 22 19:26:59 PKT 2024][FINE] Scanning D:\.my-gradle\caches\modules-2\files-2.1\com.twelvemonkeys.imageio\imageio-tiff\3.9.4\443a89cc532c4fa11be6df1afc27f5bcd81d935c\imageio-tiff-3.9.4.jar
[Mon Apr 22 19:26:59 PKT 2024][FINE] Scanning D:\.my-gradle\caches\modules-2\files-2.1\org.apache.pdfbox\fontbox\2.0.27\d08c064d18b2b149da937d15c0d1708cba03f29d\fontbox-2.0.27.jar
[Mon Apr 22 19:26:59 PKT 2024][FINE] Scanning D:\.my-gradle\caches\modules-2\files-2.1\commons-logging\commons-logging\1.2\4bfc12adfe4842bf07b657f0369c4cb522955686\commons-logging-1.2.jar
[Mon Apr 22 19:26:59 PKT 2024][FINE] Scanning D:\.my-gradle\caches\modules-2\files-2.1\org.apache.pdfbox\jbig2-imageio\3.0.4\ad09a9bb94ea791ea81fb6c5bc2b13dd77872598\jbig2-imageio-3.0.4.jar
[Mon Apr 22 19:26:59 PKT 2024][FINE] Scanning C:\Users\MSC-30\.gluon\substrate\javafxStaticSdk\21-ea+11.1\windows-x86_64\sdk\lib\javafx.graphics.jar
[Mon Apr 22 19:26:59 PKT 2024][FINE] Adding classes from C:\Users\MSC-30\.gluon\substrate\javafxStaticSdk\21-ea+11.1\windows-x86_64\sdk\lib\javafx.graphics.jar::META-INF/substrate/config/resourcebundles
[Mon Apr 22 19:26:59 PKT 2024][FINE] Adding classes from C:\Users\MSC-30\.gluon\substrate\javafxStaticSdk\21-ea+11.1\windows-x86_64\sdk\lib\javafx.graphics.jar::META-INF/substrate/config/resourcebundles-x86_64-windows
[Mon Apr 22 19:26:59 PKT 2024][FINE] Scanning D:\.my-gradle\caches\modules-2\files-2.1\org.bouncycastle\bcutil-jdk18on\1.76\8c7594e651a278bcde18e038d8ab55b1f97f4d31\bcutil-jdk18on-1.76.jar
[Mon Apr 22 19:26:59 PKT 2024][FINE] Scanning D:\.my-gradle\caches\modules-2\files-2.1\org.bouncycastle\bcprov-jdk18on\1.76\3a785d0b41806865ad7e311162bfa3fa60b3965b\bcprov-jdk18on-1.76.jar
[Mon Apr 22 19:26:59 PKT 2024][FINE] Scanning D:\.my-gradle\caches\modules-2\files-2.1\com.twelvemonkeys.imageio\imageio-metadata\3.9.4\423ab3a09a87ab0b1e6831269db74832ee4184ac\imageio-metadata-3.9.4.jar
[Mon Apr 22 19:26:59 PKT 2024][FINE] Scanning D:\.my-gradle\caches\modules-2\files-2.1\com.twelvemonkeys.imageio\imageio-core\3.9.4\e33aabf2d21a2f66817a258abfcd9f5b1e898117\imageio-core-3.9.4.jar
[Mon Apr 22 19:26:59 PKT 2024][FINE] Scanning D:\.my-gradle\caches\modules-2\files-2.1\com.twelvemonkeys.common\common-image\3.9.4\8fc121f4f652cb8ef626ad4dade85b64948df36c\common-image-3.9.4.jar
[Mon Apr 22 19:26:59 PKT 2024][FINE] Scanning D:\.my-gradle\caches\modules-2\files-2.1\com.twelvemonkeys.common\common-io\3.9.4\5a0bbb2f431196990780a4912f0ac46009c82f0e\common-io-3.9.4.jar
[Mon Apr 22 19:26:59 PKT 2024][FINE] Scanning D:\.my-gradle\caches\modules-2\files-2.1\com.twelvemonkeys.common\common-lang\3.9.4\c68d7dd18962dda58615d3b5d929a68c8f8a1092\common-lang-3.9.4.jar
[Mon Apr 22 19:26:59 PKT 2024][FINE] Scanning C:\Users\MSC-30\.gluon\substrate\javafxStaticSdk\21-ea+11.1\windows-x86_64\sdk\lib\javafx.base.jar
[Mon Apr 22 19:26:59 PKT 2024][FINE] Scanning C:\Users\MSC-30\AppData\Local\Temp\classes3819158393921247969\classes.jar
[Mon Apr 22 19:26:59 PKT 2024][FINE] Copied resource D:\.my-gradle\caches\modules-2\files-2.1\com.itextpdf\itextpdf\5.5.13.3\5282897d446c3b736d63ef6e83043eb6f1943b4e\itextpdf-5.5.13.3.jar to D:\NetBeansProjects\temporay working\iTextPdf-5-And-ICEpdf-Viewer-Test\build\gluonfx\x86_64-windows\gvm\tmp\deps\itextpdf-5.5.13.3.jar
[Mon Apr 22 19:26:59 PKT 2024][FINE] Copied resource D:\.my-gradle\caches\modules-2\files-2.1\com.github.pcorless.icepdf\icepdf-viewer\7.2.0\4a23978e0d1925007a023e95db2d004b14307d82\icepdf-viewer-7.2.0.jar to D:\NetBeansProjects\temporay working\iTextPdf-5-And-ICEpdf-Viewer-Test\build\gluonfx\x86_64-windows\gvm\tmp\deps\icepdf-viewer-7.2.0.jar
[Mon Apr 22 19:26:59 PKT 2024][FINE] Copied resource D:\.my-gradle\caches\modules-2\files-2.1\com.github.pcorless.icepdf\icepdf-core\7.2.0\808d79981e7924212c8d72be54a1a8afd6f2b6cc\icepdf-core-7.2.0.jar to D:\NetBeansProjects\temporay working\iTextPdf-5-And-ICEpdf-Viewer-Test\build\gluonfx\x86_64-windows\gvm\tmp\deps\icepdf-core-7.2.0.jar
[Mon Apr 22 19:26:59 PKT 2024][FINE] Copied resource D:\.my-gradle\caches\modules-2\files-2.1\com.gluonhq.attach\display\4.0.20\bc0a0a1d3876574c678e1c87b6b9c5b1e8192ad9\display-4.0.20-desktop.jar to D:\NetBeansProjects\temporay working\iTextPdf-5-And-ICEpdf-Viewer-Test\build\gluonfx\x86_64-windows\gvm\tmp\deps\display-4.0.20-desktop.jar
[Mon Apr 22 19:26:59 PKT 2024][FINE] Copied resource D:\.my-gradle\caches\modules-2\files-2.1\com.gluonhq.attach\lifecycle\4.0.20\2f15f90216130776fee858ccf90f4d051be348fe\lifecycle-4.0.20-desktop.jar to D:\NetBeansProjects\temporay working\iTextPdf-5-And-ICEpdf-Viewer-Test\build\gluonfx\x86_64-windows\gvm\tmp\deps\lifecycle-4.0.20-desktop.jar
[Mon Apr 22 19:26:59 PKT 2024][FINE] Copied resource D:\.my-gradle\caches\modules-2\files-2.1\com.gluonhq.attach\lifecycle\4.0.20\bdd2775e74a86550e68609ed7e19efe8cd4aa608\lifecycle-4.0.20.jar to D:\NetBeansProjects\temporay working\iTextPdf-5-And-ICEpdf-Viewer-Test\build\gluonfx\x86_64-windows\gvm\tmp\deps\lifecycle-4.0.20.jar
[Mon Apr 22 19:26:59 PKT 2024][FINE] Copied resource D:\.my-gradle\caches\modules-2\files-2.1\com.gluonhq.attach\statusbar\4.0.20\a5949883abd48f50703f418d74f3ad4b55590b35\statusbar-4.0.20.jar to D:\NetBeansProjects\temporay working\iTextPdf-5-And-ICEpdf-Viewer-Test\build\gluonfx\x86_64-windows\gvm\tmp\deps\statusbar-4.0.20.jar
[Mon Apr 22 19:26:59 PKT 2024][FINE] Copied resource D:\.my-gradle\caches\modules-2\files-2.1\com.gluonhq.attach\storage\4.0.20\c60af7da5a0e80f29154ea15923cd0cd76d5cbf0\storage-4.0.20-desktop.jar to D:\NetBeansProjects\temporay working\iTextPdf-5-And-ICEpdf-Viewer-Test\build\gluonfx\x86_64-windows\gvm\tmp\deps\storage-4.0.20-desktop.jar
[Mon Apr 22 19:26:59 PKT 2024][FINE] Copied resource D:\.my-gradle\caches\modules-2\files-2.1\com.gluonhq.attach\util\4.0.20\83d6db8c9b2df486d114a49f77cc7fd546bce78a\util-4.0.20.jar to D:\NetBeansProjects\temporay working\iTextPdf-5-And-ICEpdf-Viewer-Test\build\gluonfx\x86_64-windows\gvm\tmp\deps\util-4.0.20.jar
[Mon Apr 22 19:26:59 PKT 2024][FINE] Copied resource C:\Users\MSC-30\.gluon\substrate\javafxStaticSdk\21-ea+11.1\windows-x86_64\sdk\lib\javafx.controls.jar to D:\NetBeansProjects\temporay working\iTextPdf-5-And-ICEpdf-Viewer-Test\build\gluonfx\x86_64-windows\gvm\tmp\deps\javafx.controls.jar
[Mon Apr 22 19:26:59 PKT 2024][FINE] Copied resource D:\.my-gradle\caches\modules-2\files-2.1\org.bouncycastle\bcprov-ext-jdk18on\1.76\7a463514e1ba288271dfbf4c32c3b6cf6a625b84\bcprov-ext-jdk18on-1.76.jar to D:\NetBeansProjects\temporay working\iTextPdf-5-And-ICEpdf-Viewer-Test\build\gluonfx\x86_64-windows\gvm\tmp\deps\bcprov-ext-jdk18on-1.76.jar
[Mon Apr 22 19:26:59 PKT 2024][FINE] Copied resource D:\.my-gradle\caches\modules-2\files-2.1\org.bouncycastle\bcpkix-jdk18on\1.76\10c9cf5c1b4d64abeda28ee32fbade3b74373622\bcpkix-jdk18on-1.76.jar to D:\NetBeansProjects\temporay working\iTextPdf-5-And-ICEpdf-Viewer-Test\build\gluonfx\x86_64-windows\gvm\tmp\deps\bcpkix-jdk18on-1.76.jar
[Mon Apr 22 19:26:59 PKT 2024][FINE] Copied resource D:\.my-gradle\caches\modules-2\files-2.1\com.twelvemonkeys.imageio\imageio-tiff\3.9.4\443a89cc532c4fa11be6df1afc27f5bcd81d935c\imageio-tiff-3.9.4.jar to D:\NetBeansProjects\temporay working\iTextPdf-5-And-ICEpdf-Viewer-Test\build\gluonfx\x86_64-windows\gvm\tmp\deps\imageio-tiff-3.9.4.jar
[Mon Apr 22 19:26:59 PKT 2024][FINE] Copied resource D:\.my-gradle\caches\modules-2\files-2.1\org.apache.pdfbox\fontbox\2.0.27\d08c064d18b2b149da937d15c0d1708cba03f29d\fontbox-2.0.27.jar to D:\NetBeansProjects\temporay working\iTextPdf-5-And-ICEpdf-Viewer-Test\build\gluonfx\x86_64-windows\gvm\tmp\deps\fontbox-2.0.27.jar
[Mon Apr 22 19:26:59 PKT 2024][FINE] Copied resource D:\.my-gradle\caches\modules-2\files-2.1\commons-logging\commons-logging\1.2\4bfc12adfe4842bf07b657f0369c4cb522955686\commons-logging-1.2.jar to D:\NetBeansProjects\temporay working\iTextPdf-5-And-ICEpdf-Viewer-Test\build\gluonfx\x86_64-windows\gvm\tmp\deps\commons-logging-1.2.jar
[Mon Apr 22 19:26:59 PKT 2024][FINE] Copied resource D:\.my-gradle\caches\modules-2\files-2.1\org.apache.pdfbox\jbig2-imageio\3.0.4\ad09a9bb94ea791ea81fb6c5bc2b13dd77872598\jbig2-imageio-3.0.4.jar to D:\NetBeansProjects\temporay working\iTextPdf-5-And-ICEpdf-Viewer-Test\build\gluonfx\x86_64-windows\gvm\tmp\deps\jbig2-imageio-3.0.4.jar
[Mon Apr 22 19:26:59 PKT 2024][FINE] Copied resource C:\Users\MSC-30\.gluon\substrate\javafxStaticSdk\21-ea+11.1\windows-x86_64\sdk\lib\javafx.graphics.jar to D:\NetBeansProjects\temporay working\iTextPdf-5-And-ICEpdf-Viewer-Test\build\gluonfx\x86_64-windows\gvm\tmp\deps\javafx.graphics.jar
[Mon Apr 22 19:26:59 PKT 2024][FINE] Copied resource D:\.my-gradle\caches\modules-2\files-2.1\org.bouncycastle\bcutil-jdk18on\1.76\8c7594e651a278bcde18e038d8ab55b1f97f4d31\bcutil-jdk18on-1.76.jar to D:\NetBeansProjects\temporay working\iTextPdf-5-And-ICEpdf-Viewer-Test\build\gluonfx\x86_64-windows\gvm\tmp\deps\bcutil-jdk18on-1.76.jar
[Mon Apr 22 19:26:59 PKT 2024][FINE] Copied resource D:\.my-gradle\caches\modules-2\files-2.1\org.bouncycastle\bcprov-jdk18on\1.76\3a785d0b41806865ad7e311162bfa3fa60b3965b\bcprov-jdk18on-1.76.jar to D:\NetBeansProjects\temporay working\iTextPdf-5-And-ICEpdf-Viewer-Test\build\gluonfx\x86_64-windows\gvm\tmp\deps\bcprov-jdk18on-1.76.jar
[Mon Apr 22 19:26:59 PKT 2024][FINE] Copied resource D:\.my-gradle\caches\modules-2\files-2.1\com.twelvemonkeys.imageio\imageio-metadata\3.9.4\423ab3a09a87ab0b1e6831269db74832ee4184ac\imageio-metadata-3.9.4.jar to D:\NetBeansProjects\temporay working\iTextPdf-5-And-ICEpdf-Viewer-Test\build\gluonfx\x86_64-windows\gvm\tmp\deps\imageio-metadata-3.9.4.jar
[Mon Apr 22 19:26:59 PKT 2024][FINE] Copied resource D:\.my-gradle\caches\modules-2\files-2.1\com.twelvemonkeys.imageio\imageio-core\3.9.4\e33aabf2d21a2f66817a258abfcd9f5b1e898117\imageio-core-3.9.4.jar to D:\NetBeansProjects\temporay working\iTextPdf-5-And-ICEpdf-Viewer-Test\build\gluonfx\x86_64-windows\gvm\tmp\deps\imageio-core-3.9.4.jar
[Mon Apr 22 19:26:59 PKT 2024][FINE] Copied resource D:\.my-gradle\caches\modules-2\files-2.1\com.twelvemonkeys.common\common-image\3.9.4\8fc121f4f652cb8ef626ad4dade85b64948df36c\common-image-3.9.4.jar to D:\NetBeansProjects\temporay working\iTextPdf-5-And-ICEpdf-Viewer-Test\build\gluonfx\x86_64-windows\gvm\tmp\deps\common-image-3.9.4.jar
[Mon Apr 22 19:26:59 PKT 2024][FINE] Copied resource D:\.my-gradle\caches\modules-2\files-2.1\com.twelvemonkeys.common\common-io\3.9.4\5a0bbb2f431196990780a4912f0ac46009c82f0e\common-io-3.9.4.jar to D:\NetBeansProjects\temporay working\iTextPdf-5-And-ICEpdf-Viewer-Test\build\gluonfx\x86_64-windows\gvm\tmp\deps\common-io-3.9.4.jar
[Mon Apr 22 19:26:59 PKT 2024][FINE] Copied resource D:\.my-gradle\caches\modules-2\files-2.1\com.twelvemonkeys.common\common-lang\3.9.4\c68d7dd18962dda58615d3b5d929a68c8f8a1092\common-lang-3.9.4.jar to D:\NetBeansProjects\temporay working\iTextPdf-5-And-ICEpdf-Viewer-Test\build\gluonfx\x86_64-windows\gvm\tmp\deps\common-lang-3.9.4.jar
[Mon Apr 22 19:26:59 PKT 2024][FINE] Copied resource C:\Users\MSC-30\.gluon\substrate\javafxStaticSdk\21-ea+11.1\windows-x86_64\sdk\lib\javafx.base.jar to D:\NetBeansProjects\temporay working\iTextPdf-5-And-ICEpdf-Viewer-Test\build\gluonfx\x86_64-windows\gvm\tmp\deps\javafx.base.jar
[Mon Apr 22 19:26:59 PKT 2024][FINE] Class-Path manifest entry for pathing jar: ..\..\..\..\classes\java\main ..\..\..\..\resources\main deps\itextpdf-5.5.13.3.jar deps\icepdf-viewer-7.2.0.jar deps\icepdf-core-7.2.0.jar deps\display-4.0.20-desktop.jar deps\lifecycle-4.0.20-desktop.jar deps\lifecycle-4.0.20.jar deps\statusbar-4.0.20.jar deps\storage-4.0.20-desktop.jar deps\util-4.0.20.jar deps\javafx.controls.jar deps\bcprov-ext-jdk18on-1.76.jar deps\bcpkix-jdk18on-1.76.jar deps\imageio-tiff-3.9.4.jar deps\fontbox-2.0.27.jar deps\commons-logging-1.2.jar deps\jbig2-imageio-3.0.4.jar deps\javafx.graphics.jar deps\bcutil-jdk18on-1.76.jar deps\bcprov-jdk18on-1.76.jar deps\imageio-metadata-3.9.4.jar deps\imageio-core-3.9.4.jar deps\common-image-3.9.4.jar deps\common-io-3.9.4.jar deps\common-lang-3.9.4.jar deps\javafx.base.jar
[Mon Apr 22 19:26:59 PKT 2024][FINE] Pathing jar created at D:\NetBeansProjects\temporay working\iTextPdf-5-And-ICEpdf-Viewer-Test\build\gluonfx\x86_64-windows\gvm\tmp\classpathJar.jar
[Mon Apr 22 19:26:59 PKT 2024][FINE] PB Command for compile: D:\Programs\graalvm-svm-java17-windows-gluon-22.1.0.1-Final\bin\native-image.cmd "-Djdk.internal.lambda.eagerlyInitialize=false" --no-server -H:+SharedLibrary -H:+AddAllCharsets -H:+ReportExceptionStackTraces -H:-DeadlockWatchdogExitOnTimeout "-H:DeadlockWatchdogInterval=0" -H:+RemoveSaturatedTypeFlows -H:+ExitAfterRelocatableImageWrite "--features=org.graalvm.home.HomeFinderFeature" "-H:TempDirectory=D:\NetBeansProjects\temporay working\iTextPdf-5-And-ICEpdf-Viewer-Test\build\gluonfx\x86_64-windows\gvm\tmp" "-H:EnableURLProtocols=http,https" "-H:ReflectionConfigurationFiles=D:\NetBeansProjects\temporay working\iTextPdf-5-And-ICEpdf-Viewer-Test\build\gluonfx\x86_64-windows\gvm\reflectionconfig-x86_64-windows.json" "-H:JNIConfigurationFiles=D:\NetBeansProjects\temporay working\iTextPdf-5-And-ICEpdf-Viewer-Test\build\gluonfx\x86_64-windows\gvm\jniconfig-x86_64-windows.json" "-H:ResourceConfigurationFiles=D:\NetBeansProjects\temporay working\iTextPdf-5-And-ICEpdf-Viewer-Test\build\gluonfx\x86_64-windows\gvm\resourceconfig-x86_64-windows.json" "-H:IncludeResourceBundles=com/sun/javafx/scene/control/skin/resources/controls,com/sun/javafx/scene/control/skin/resources/controls-nt,com.sun.javafx.tk.quantum.QuantumMessagesBundle,com/sun/glass/ui/win/themes" "-Dsvm.platform=org.graalvm.nativeimage.Platform$WINDOWS_AMD64" -cp "D:\.my-gradle\caches\jars-9\7637a7ec258c8a88ce09ed96152bedfb\substrate-0.0.61.jar;D:\NetBeansProjects\temporay working\iTextPdf-5-And-ICEpdf-Viewer-Test\build\gluonfx\x86_64-windows\gvm\tmp\classpathJar.jar" com.gluonapplication.GluonApplicationRunner
[Mon Apr 22 19:26:59 PKT 2024][FINE] Start process compile...
[Mon Apr 22 19:26:59 PKT 2024][INFO] [SUB] Warning: Ignoring server-mode native-image argument --no-server.
[Mon Apr 22 19:27:09 PKT 2024][INFO] [SUB] ========================================================================================================================
[Mon Apr 22 19:27:09 PKT 2024][INFO] [SUB] GraalVM Native Image: Generating 'com.gluonapplication.gluonapplicationrunner' (shared library)...
[Mon Apr 22 19:27:09 PKT 2024][INFO] [SUB] ========================================================================================================================
[Mon Apr 22 19:27:15 PKT 2024][INFO] [SUB] [1/7] Initializing...                                                                                   (14.0s @ 0.31GB)
[Mon Apr 22 19:27:15 PKT 2024][INFO] [SUB]  Version info: 'GraalVM 22.1.0.1 Java 17 CE'
[Mon Apr 22 19:27:15 PKT 2024][INFO] [SUB]  C compiler: cl.exe (microsoft, x64, 19.39.33523)
[Mon Apr 22 19:27:15 PKT 2024][INFO] [SUB]  Garbage collector: Serial GC
[Mon Apr 22 19:31:21 PKT 2024][INFO] [SUB] [2/7] Performing analysis...  [***********]                                                            (245.3s @ 4.02GB)
[Mon Apr 22 19:31:21 PKT 2024][INFO] [SUB]   19,085 (93.50%) of 20,412 classes reachable
[Mon Apr 22 19:31:21 PKT 2024][INFO] [SUB]   42,062 (72.24%) of 58,226 fields reachable
[Mon Apr 22 19:31:21 PKT 2024][INFO] [SUB]  101,741 (67.92%) of 149,798 methods reachable
[Mon Apr 22 19:31:21 PKT 2024][INFO] [SUB]      833 classes,   925 fields, and 2,430 methods registered for reflection
[Mon Apr 22 19:31:21 PKT 2024][INFO] [SUB]      257 classes,   370 fields, and   313 methods registered for JNI access
[Mon Apr 22 19:31:34 PKT 2024][INFO] [SUB] [3/7] Building universe...                                                                              (12.8s @ 4.09GB)
[Mon Apr 22 19:31:46 PKT 2024][INFO] [SUB] [4/7] Parsing methods...      [***]                                                                     (11.3s @ 4.52GB)
[Mon Apr 22 19:32:14 PKT 2024][INFO] [SUB] [5/7] Inlining methods...     [*****]                                                                   (27.2s @ 2.22GB)
[Mon Apr 22 19:34:50 PKT 2024][INFO] [SUB] [6/7] Compiling methods...    [************]                                                           (156.9s @ 3.98GB)
[Mon Apr 22 19:35:20 PKT 2024][INFO] [SUB] 
[Mon Apr 22 19:35:20 PKT 2024][INFO] [SUB] ------------------------------------------------------------------------------------------------------------------------
[Mon Apr 22 19:35:20 PKT 2024][INFO] [SUB]                        96.9s (19.4% of total time) in 79 GCs | Peak RSS: 11.21GB | CPU load: 3.04
[Mon Apr 22 19:35:20 PKT 2024][INFO] [SUB] ------------------------------------------------------------------------------------------------------------------------
[Mon Apr 22 19:35:20 PKT 2024][INFO] [SUB] Produced artifacts:
[Mon Apr 22 19:35:20 PKT 2024][INFO] [SUB]  D:\NetBeansProjects\temporay working\iTextPdf-5-And-ICEpdf-Viewer-Test\build\gluonfx\x86_64-windows\gvm\iTextPdf-5-And-ICEpdf-Viewer-Test\com.gluonapplication.gluonapplicationrunner.h (header)
[Mon Apr 22 19:35:20 PKT 2024][INFO] [SUB]  D:\NetBeansProjects\temporay working\iTextPdf-5-And-ICEpdf-Viewer-Test\build\gluonfx\x86_64-windows\gvm\iTextPdf-5-And-ICEpdf-Viewer-Test\graal_isolate.h (header)
[Mon Apr 22 19:35:20 PKT 2024][INFO] [SUB]  D:\NetBeansProjects\temporay working\iTextPdf-5-And-ICEpdf-Viewer-Test\build\gluonfx\x86_64-windows\gvm\iTextPdf-5-And-ICEpdf-Viewer-Test\com.gluonapplication.gluonapplicationrunner_dynamic.h (header)
[Mon Apr 22 19:35:20 PKT 2024][INFO] [SUB]  D:\NetBeansProjects\temporay working\iTextPdf-5-And-ICEpdf-Viewer-Test\build\gluonfx\x86_64-windows\gvm\iTextPdf-5-And-ICEpdf-Viewer-Test\graal_isolate_dynamic.h (header)
[Mon Apr 22 19:35:20 PKT 2024][INFO] [SUB]  D:\NetBeansProjects\temporay working\iTextPdf-5-And-ICEpdf-Viewer-Test\build\gluonfx\x86_64-windows\gvm\iTextPdf-5-And-ICEpdf-Viewer-Test\com.gluonapplication.gluonapplicationrunner.build_artifacts.txt
[Mon Apr 22 19:35:20 PKT 2024][INFO] [SUB] ========================================================================================================================
[Mon Apr 22 19:35:20 PKT 2024][INFO] [SUB] Finished generating 'com.gluonapplication.gluonapplicationrunner' in 8m 18s.
[Mon Apr 22 19:35:22 PKT 2024][FINE] Result for compile: 0
[Mon Apr 22 19:35:22 PKT 2024][FINE] Logging process [compile] to file: D:\NetBeansProjects\temporay working\iTextPdf-5-And-ICEpdf-Viewer-Test\build\gluonfx\log\process-compile-1713796522549.log
[Mon Apr 22 19:35:22 PKT 2024][FINE] PB Command for check version: D:\Programs\graalvm-svm-java17-windows-gluon-22.1.0.1-Final\bin\java -version
[Mon Apr 22 19:35:22 PKT 2024][FINE] Start process check version...
[Mon Apr 22 19:35:22 PKT 2024][FINE] [SUB] openjdk version "17.0.3" 2022-04-19
[Mon Apr 22 19:35:22 PKT 2024][FINE] [SUB] OpenJDK Runtime Environment GraalVM 22.1.0.1 (build 17.0.3+7-jvmci-22.1-b06)
[Mon Apr 22 19:35:22 PKT 2024][FINE] [SUB] OpenJDK 64-Bit Server VM GraalVM 22.1.0.1 (build 17.0.3+7-jvmci-22.1-b06, mixed mode, sharing)
[Mon Apr 22 19:35:22 PKT 2024][FINE] Result for check version: 0
